08:56:00.334 karate.env system property was: dev 
08:56:00.344 request:
1 > POST https://reqres.in/api/register
1 > Accept-Encoding: gzip,deflate
1 > Connection: Keep-Alive
1 > Content-Length: 50
1 > Content-Type: application/json; charset=UTF-8
1 > Host: reqres.in
1 > User-Agent: Apache-HttpClient/4.5.5 (Java/11.0.22)
{"email":"eve.holt@reqres.in","password":"pistol"}

08:56:00.815 response time in milliseconds: 466,92
1 < 200
1 < Access-Control-Allow-Origin: *
1 < CF-Cache-Status: DYNAMIC
1 < CF-RAY: 87647ff4def91aad-GRU
1 < Connection: keep-alive
1 < Content-Length: 36
1 < Content-Type: application/json; charset=utf-8
1 < Date: Thu, 18 Apr 2024 12:01:23 GMT
1 < Etag: W/"24-4iP0za1geN2he+ohu8F0FhCjLks"
1 < Nel: {"report_to":"heroku-nel","max_age":3600,"success_fraction":0.005,"failure_fraction":0.05,"response_headers":["Via"]}
1 < Report-To: {"group":"heroku-nel","max_age":3600,"endpoints":[{"url":"https://nel.heroku.com/reports?ts=1713441683&sid=c4c9725f-1ab0-44d8-820f-430df2718e11&s=Hi%2FDU1ClBKR5OEZAG3X88H1YSvx7A%2Fd5iLib9NNW9SU%3D"}]}
1 < Reporting-Endpoints: heroku-nel=https://nel.heroku.com/reports?ts=1713441683&sid=c4c9725f-1ab0-44d8-820f-430df2718e11&s=Hi%2FDU1ClBKR5OEZAG3X88H1YSvx7A%2Fd5iLib9NNW9SU%3D
1 < Server: cloudflare
1 < Via: 1.1 vegur
1 < X-Powered-By: Express
{"id":4,"token":"QpwL5tke4Pnpja7X4"}

