08:43:25.368 karate.env system property was: dev 
08:43:25.639 request:
1 > PATCH https://reqres.in/api/users/2
1 > Accept-Encoding: gzip,deflate
1 > Connection: Keep-Alive
1 > Content-Length: 41
1 > Content-Type: application/json; charset=UTF-8
1 > Host: reqres.in
1 > User-Agent: Apache-HttpClient/4.5.5 (Java/11.0.22)
{"name":"morpheus","job":"zion resident"}

08:43:26.242 response time in milliseconds: 595,13
1 < 200
1 < Access-Control-Allow-Origin: *
1 < CF-Cache-Status: DYNAMIC
1 < CF-RAY: 87646d88b8516252-GRU
1 < Connection: keep-alive
1 < Content-Type: application/json; charset=utf-8
1 < Date: Thu, 18 Apr 2024 11:48:48 GMT
1 < Etag: W/"50-VFoXli+JDDqWRJkJ1iE2oJK73sI"
1 < Nel: {"report_to":"heroku-nel","max_age":3600,"success_fraction":0.005,"failure_fraction":0.05,"response_headers":["Via"]}
1 < Report-To: {"group":"heroku-nel","max_age":3600,"endpoints":[{"url":"https://nel.heroku.com/reports?ts=1713440928&sid=c4c9725f-1ab0-44d8-820f-430df2718e11&s=QtDqMn2zBvqUckaEpajJgC%2BmBQRaxn2KnV4vBCm3Wt4%3D"}]}
1 < Reporting-Endpoints: heroku-nel=https://nel.heroku.com/reports?ts=1713440928&sid=c4c9725f-1ab0-44d8-820f-430df2718e11&s=QtDqMn2zBvqUckaEpajJgC%2BmBQRaxn2KnV4vBCm3Wt4%3D
1 < Server: cloudflare
1 < Transfer-Encoding: chunked
1 < Via: 1.1 vegur
1 < X-Powered-By: Express
{"name":"morpheus","job":"zion resident","updatedAt":"2024-04-18T11:48:48.433Z"}

