08:50:02.159 karate.env system property was: dev 
08:50:02.229 >> lock acquired, begin callSingle: get.feature@teste001
08:50:03.227 << lock released, cached callSingle: get.feature@teste001
08:50:03.238 request:
1 > DELETE https://reqres.in/api/users/2
1 > Accept-Encoding: gzip,deflate
1 > Connection: Keep-Alive
1 > Host: reqres.in
1 > User-Agent: Apache-HttpClient/4.5.5 (Java/11.0.22)

08:50:03.703 response time in milliseconds: 455,18
1 < 204
1 < Access-Control-Allow-Origin: *
1 < CF-Cache-Status: DYNAMIC
1 < CF-RAY: 8764773ce862622d-GRU
1 < Connection: keep-alive
1 < Content-Length: 0
1 < Date: Thu, 18 Apr 2024 11:55:26 GMT
1 < Etag: W/"2-vyGp6PvFo4RvsFtPoIWeCReyIC8"
1 < Nel: {"report_to":"heroku-nel","max_age":3600,"success_fraction":0.005,"failure_fraction":0.05,"response_headers":["Via"]}
1 < Report-To: {"group":"heroku-nel","max_age":3600,"endpoints":[{"url":"https://nel.heroku.com/reports?ts=1713441325&sid=c4c9725f-1ab0-44d8-820f-430df2718e11&s=8i9PORAPP5J3%2BVIFOPnBdL0hi9QGmxwd6TTroPCpfHY%3D"}]}
1 < Reporting-Endpoints: heroku-nel=https://nel.heroku.com/reports?ts=1713441325&sid=c4c9725f-1ab0-44d8-820f-430df2718e11&s=8i9PORAPP5J3%2BVIFOPnBdL0hi9QGmxwd6TTroPCpfHY%3D
1 < Server: cloudflare
1 < Via: 1.1 vegur
1 < X-Powered-By: Express

