08:55:59.850 karate.env system property was: dev 
08:55:59.858 request:
1 > POST https://reqres.in/api/users
1 > Accept-Encoding: gzip,deflate
1 > Connection: Keep-Alive
1 > Content-Length: 34
1 > Content-Type: application/json; charset=UTF-8
1 > Host: reqres.in
1 > User-Agent: Apache-HttpClient/4.5.5 (Java/11.0.22)
{"name":"morpheus","job":"leader"}

08:56:00.329 response time in milliseconds: 463,48
1 < 201
1 < Access-Control-Allow-Origin: *
1 < CF-Cache-Status: DYNAMIC
1 < CF-RAY: 87647ff1a85802f2-GRU
1 < Connection: keep-alive
1 < Content-Length: 84
1 < Content-Type: application/json; charset=utf-8
1 < Date: Thu, 18 Apr 2024 12:01:22 GMT
1 < Etag: W/"54-mdPXhB7rNz+bpzbF0axHNQ6dwlI"
1 < Nel: {"report_to":"heroku-nel","max_age":3600,"success_fraction":0.005,"failure_fraction":0.05,"response_headers":["Via"]}
1 < Report-To: {"group":"heroku-nel","max_age":3600,"endpoints":[{"url":"https://nel.heroku.com/reports?ts=1713441682&sid=c4c9725f-1ab0-44d8-820f-430df2718e11&s=cQBqSO3AIlxmE2rPKjSoZoF9xmFTfANJ8TAyLbKe4Uo%3D"}]}
1 < Reporting-Endpoints: heroku-nel=https://nel.heroku.com/reports?ts=1713441682&sid=c4c9725f-1ab0-44d8-820f-430df2718e11&s=cQBqSO3AIlxmE2rPKjSoZoF9xmFTfANJ8TAyLbKe4Uo%3D
1 < Server: cloudflare
1 < Via: 1.1 vegur
1 < X-Powered-By: Express
{"name":"morpheus","job":"leader","id":"971","createdAt":"2024-04-18T12:01:22.530Z"}

